0 info it worked if it ends with ok
1 verbose cli [ '/usr/bin/node', '/usr/bin/npm', 'start' ]
2 info using npm@1.4.28
3 info using node@v0.10.32
4 verbose run-script [ 'prestart', 'start', 'poststart' ]
5 info prestart angular-budget-tracker@2.1.0
6 verbose unsafe-perm in lifecycle true
7 info angular-budget-tracker@2.1.0 Failed to exec prestart script
8 error angular-budget-tracker@2.1.0 prestart: `npm install`
8 error Exit status 3
9 error Failed at the angular-budget-tracker@2.1.0 prestart script.
9 error This is most likely a problem with the angular-budget-tracker package,
9 error not with npm itself.
9 error Tell the author that this fails on your system:
9 error     npm install
9 error You can get their info via:
9 error     npm owner ls angular-budget-tracker
9 error There is likely additional logging output above.
10 error System Linux 3.13.0-52-generic
11 error command "/usr/bin/node" "/usr/bin/npm" "start"
12 error cwd /home/jeff/Programming/budgettracker2
13 error node -v v0.10.32
14 error npm -v 1.4.28
15 error code ELIFECYCLE
16 verbose exit [ 1, true ]
